This is pdfTeX, Version 3.14159265-2.6-1.40.16 (TeX Live 2015/Debian) (preloaded format=pdflatex 2019.6.14)  16 APR 2021 13:38
entering extended mode
 restricted \write18 enabled.
 %&-line parsing enabled.
**Example.tex
(./Example.tex
LaTeX2e <2016/02/01>
Babel <3.9q> and hyphenation patterns for 81 language(s) loaded.
(/usr/share/texlive/texmf-dist/tex/latex/koma-script/scrartcl.cls
Document Class: scrartcl 2015/10/03 v3.19a KOMA-Script document class (article)

(/usr/share/texlive/texmf-dist/tex/latex/koma-script/scrkbase.sty
Package: scrkbase 2015/10/03 v3.19a KOMA-Script package (KOMA-Script-dependent 
basics and keyval usage)

(/usr/share/texlive/texmf-dist/tex/latex/koma-script/scrbase.sty
Package: scrbase 2015/10/03 v3.19a KOMA-Script package (KOMA-Script-independent
 basics and keyval usage)

(/usr/share/texlive/texmf-dist/tex/latex/graphics/keyval.sty
Package: keyval 2014/10/28 v1.15 key=value parser (DPC)
\KV@toks@=\toks14
)
(/usr/share/texlive/texmf-dist/tex/latex/koma-script/scrlfile.sty
Package: scrlfile 2015/10/03 v3.19a KOMA-Script package (loading files)

Package scrlfile, 2015/10/03 v3.19a KOMA-Script package (loading files)
                  Copyright (C) Markus Kohm

))) (/usr/share/texlive/texmf-dist/tex/latex/koma-script/tocbasic.sty
Package: tocbasic 2015/10/03 v3.19a KOMA-Script package (handling toc-files)
)
Package tocbasic Info: omitting babel extension for `toc'
(tocbasic)             because of feature `nobabel' available
(tocbasic)             for `toc' on input line 123.
Package tocbasic Info: omitting babel extension for `lof'
(tocbasic)             because of feature `nobabel' available
(tocbasic)             for `lof' on input line 124.
Package tocbasic Info: omitting babel extension for `lot'
(tocbasic)             because of feature `nobabel' available
(tocbasic)             for `lot' on input line 125.
Package scrartcl Info: You've used standard option `12pt'.
(scrartcl)             This is correct!
(scrartcl)             Internally I'm using `fontsize=12pt'.
(scrartcl)             If you'd like to set the option with \KOMAoptions,
(scrartcl)             you'd have to use `fontsize=12pt' there
(scrartcl)             instead of `12pt', too.
Class scrartcl Info: File `scrsize12pt.clo' used to setup font sizes on input l
ine 2033.

(/usr/share/texlive/texmf-dist/tex/latex/koma-script/scrsize12pt.clo
File: scrsize12pt.clo 2015/10/03 v3.19a KOMA-Script font size class option (12p
t)
)
(/usr/share/texlive/texmf-dist/tex/latex/koma-script/typearea.sty
Package: typearea 2015/10/03 v3.19a KOMA-Script package (type area)

Package typearea, 2015/10/03 v3.19a KOMA-Script package (type area)
                  Copyright (C) Frank Neukam, 1992-1994
                  Copyright (C) Markus Kohm, 1994-

\ta@bcor=\skip41
\ta@div=\count79
Package typearea Info: You've used standard option `a4paper'.
(typearea)             This is correct!
(typearea)             Internally I'm using `paper=a4'.
(typearea)             If you'd like to set the option with \KOMAoptions,
(typearea)             you'd have to use `paper=a4' there
(typearea)             instead of `a4paper', too.
\ta@hblk=\skip42
\ta@vblk=\skip43
\ta@temp=\skip44
\footheight=\skip45
Package typearea Info: These are the values describing the layout:
(typearea)             DIV  = 12
(typearea)             BCOR = 0.0pt
(typearea)             \paperwidth      = 597.50793pt
(typearea)              \textwidth      = 448.13095pt
(typearea)              DIV departure   = -6%
(typearea)              \evensidemargin = 2.4185pt
(typearea)              \oddsidemargin  = 2.4185pt
(typearea)             \paperheight     = 845.04694pt
(typearea)              \textheight     = 635.5pt
(typearea)              \topmargin      = -41.72441pt
(typearea)              \headheight     = 18.125pt
(typearea)              \headsep        = 21.75pt
(typearea)              \topskip        = 12.0pt
(typearea)              \footskip       = 50.75pt
(typearea)              \baselineskip   = 14.5pt
(typearea)              on input line 1509.
)
\c@part=\count80
\c@section=\count81
\c@subsection=\count82
\c@subsubsection=\count83
\c@paragraph=\count84
\c@subparagraph=\count85
LaTeX Info: Redefining \textsubscript on input line 3906.
\abovecaptionskip=\skip46
\belowcaptionskip=\skip47
\c@pti@nb@sid@b@x=\box26
\c@figure=\count86
\c@table=\count87
\bibindent=\dimen102
) (/usr/share/texmf/tex/latex/pscyr/pscyr.sty
Package: pscyr 2002/07/04 v0.4d Cyrillic Type1 fonts as default
)
(/usr/share/texlive/texmf-dist/tex/latex/extsizes/extsizes.sty
Package: extsizes 1996/10/08 v1.0 Non Standard LaTeX Package


Package ExtSizes Warning: It is better to use one of the extsizes classes,
 if you can.

(/usr/share/texlive/texmf-dist/tex/latex/extsizes/size14.clo
File: size14.clo 1999/11/11 v1.4a NON-Standard LaTeX file (size option)
))
(/usr/share/texlive/texmf-dist/tex/latex/cmap/cmap.sty
Package: cmap 2008/03/06 v1.0h CMap support: searchable PDF
)
LaTeX Font Info:    Try loading font information for OT1+faq on input line 5.

(/usr/share/texmf/tex/latex/pscyr/ot1faq.fd
File: ot1faq.fd 2001/12/09 Fontinst v1.914 font definitions for OT1/faq.
)<<ot1.cmap>>
(/usr/share/texlive/texmf-dist/tex/latex/base/fontenc.sty
Package: fontenc 2005/09/27 v1.99g Standard LaTeX package

(/usr/share/texlive/texmf-dist/tex/latex/cyrillic/t2aenc.def
File: t2aenc.def 2005/09/27 v1.0i Cyrillic encoding definition file
)
LaTeX Font Info:    Try loading font information for T2A+faq on input line 105.


(/usr/share/texmf/tex/latex/pscyr/t2afaq.fd
File: t2afaq.fd 2004/09/23 Fontinst v1.914 font definitions for T2A/faq.
)<<t2a.cmap>>)
(/usr/share/texlive/texmf-dist/tex/latex/base/inputenc.sty
Package: inputenc 2015/03/17 v1.2c Input encoding file
\inpenc@prehook=\toks15
\inpenc@posthook=\toks16

(/usr/share/texlive/texmf-dist/tex/latex/base/utf8.def
File: utf8.def 2015/12/03 v1.1r UTF-8 support for inputenc
Now handling font encoding OML ...
... no UTF-8 mapping file for font encoding OML
Now handling font encoding T1 ...
... processing UTF-8 mapping file for font encoding T1

(/usr/share/texlive/texmf-dist/tex/latex/base/t1enc.dfu
File: t1enc.dfu 2015/12/03 v1.1r UTF-8 support for inputenc
   defining Unicode char U+00A0 (decimal 160)
   defining Unicode char U+00A1 (decimal 161)
   defining Unicode char U+00A3 (decimal 163)
   defining Unicode char U+00AB (decimal 171)
   defining Unicode char U+00AD (decimal 173)
   defining Unicode char U+00BB (decimal 187)
   defining Unicode char U+00BF (decimal 191)
   defining Unicode char U+00C0 (decimal 192)
   defining Unicode char U+00C1 (decimal 193)
   defining Unicode char U+00C2 (decimal 194)
   defining Unicode char U+00C3 (decimal 195)
   defining Unicode char U+00C4 (decimal 196)
   defining Unicode char U+00C5 (decimal 197)
   defining Unicode char U+00C6 (decimal 198)
   defining Unicode char U+00C7 (decimal 199)
   defining Unicode char U+00C8 (decimal 200)
   defining Unicode char U+00C9 (decimal 201)
   defining Unicode char U+00CA (decimal 202)
   defining Unicode char U+00CB (decimal 203)
   defining Unicode char U+00CC (decimal 204)
   defining Unicode char U+00CD (decimal 205)
   defining Unicode char U+00CE (decimal 206)
   defining Unicode char U+00CF (decimal 207)
   defining Unicode char U+00D0 (decimal 208)
   defining Unicode char U+00D1 (decimal 209)
   defining Unicode char U+00D2 (decimal 210)
   defining Unicode char U+00D3 (decimal 211)
   defining Unicode char U+00D4 (decimal 212)
   defining Unicode char U+00D5 (decimal 213)
   defining Unicode char U+00D6 (decimal 214)
   defining Unicode char U+00D8 (decimal 216)
   defining Unicode char U+00D9 (decimal 217)
   defining Unicode char U+00DA (decimal 218)
   defining Unicode char U+00DB (decimal 219)
   defining Unicode char U+00DC (decimal 220)
   defining Unicode char U+00DD (decimal 221)
   defining Unicode char U+00DE (decimal 222)
   defining Unicode char U+00DF (decimal 223)
   defining Unicode char U+00E0 (decimal 224)
   defining Unicode char U+00E1 (decimal 225)
   defining Unicode char U+00E2 (decimal 226)
   defining Unicode char U+00E3 (decimal 227)
   defining Unicode char U+00E4 (decimal 228)
   defining Unicode char U+00E5 (decimal 229)
   defining Unicode char U+00E6 (decimal 230)
   defining Unicode char U+00E7 (decimal 231)
   defining Unicode char U+00E8 (decimal 232)
   defining Unicode char U+00E9 (decimal 233)
   defining Unicode char U+00EA (decimal 234)
   defining Unicode char U+00EB (decimal 235)
   defining Unicode char U+00EC (decimal 236)
   defining Unicode char U+00ED (decimal 237)
   defining Unicode char U+00EE (decimal 238)
   defining Unicode char U+00EF (decimal 239)
   defining Unicode char U+00F0 (decimal 240)
   defining Unicode char U+00F1 (decimal 241)
   defining Unicode char U+00F2 (decimal 242)
   defining Unicode char U+00F3 (decimal 243)
   defining Unicode char U+00F4 (decimal 244)
   defining Unicode char U+00F5 (decimal 245)
   defining Unicode char U+00F6 (decimal 246)
   defining Unicode char U+00F8 (decimal 248)
   defining Unicode char U+00F9 (decimal 249)
   defining Unicode char U+00FA (decimal 250)
   defining Unicode char U+00FB (decimal 251)
   defining Unicode char U+00FC (decimal 252)
   defining Unicode char U+00FD (decimal 253)
   defining Unicode char U+00FE (decimal 254)
   defining Unicode char U+00FF (decimal 255)
   defining Unicode char U+0100 (decimal 256)
   defining Unicode char U+0101 (decimal 257)
   defining Unicode char U+0102 (decimal 258)
   defining Unicode char U+0103 (decimal 259)
   defining Unicode char U+0104 (decimal 260)
   defining Unicode char U+0105 (decimal 261)
   defining Unicode char U+0106 (decimal 262)
   defining Unicode char U+0107 (decimal 263)
   defining Unicode char U+0108 (decimal 264)
   defining Unicode char U+0109 (decimal 265)
   defining Unicode char U+010A (decimal 266)
   defining Unicode char U+010B (decimal 267)
   defining Unicode char U+010C (decimal 268)
   defining Unicode char U+010D (decimal 269)
   defining Unicode char U+010E (decimal 270)
   defining Unicode char U+010F (decimal 271)
   defining Unicode char U+0110 (decimal 272)
   defining Unicode char U+0111 (decimal 273)
   defining Unicode char U+0112 (decimal 274)
   defining Unicode char U+0113 (decimal 275)
   defining Unicode char U+0114 (decimal 276)
   defining Unicode char U+0115 (decimal 277)
   defining Unicode char U+0116 (decimal 278)
   defining Unicode char U+0117 (decimal 279)
   defining Unicode char U+0118 (decimal 280)
   defining Unicode char U+0119 (decimal 281)
   defining Unicode char U+011A (decimal 282)
   defining Unicode char U+011B (decimal 283)
   defining Unicode char U+011C (decimal 284)
   defining Unicode char U+011D (decimal 285)
   defining Unicode char U+011E (decimal 286)
   defining Unicode char U+011F (decimal 287)
   defining Unicode char U+0120 (decimal 288)
   defining Unicode char U+0121 (decimal 289)
   defining Unicode char U+0122 (decimal 290)
   defining Unicode char U+0123 (decimal 291)
   defining Unicode char U+0124 (decimal 292)
   defining Unicode char U+0125 (decimal 293)
   defining Unicode char U+0128 (decimal 296)
   defining Unicode char U+0129 (decimal 297)
   defining Unicode char U+012A (decimal 298)
   defining Unicode char U+012B (decimal 299)
   defining Unicode char U+012C (decimal 300)
   defining Unicode char U+012D (decimal 301)
   defining Unicode char U+012E (decimal 302)
   defining Unicode char U+012F (decimal 303)
   defining Unicode char U+0130 (decimal 304)
   defining Unicode char U+0131 (decimal 305)
   defining Unicode char U+0132 (decimal 306)
   defining Unicode char U+0133 (decimal 307)
   defining Unicode char U+0134 (decimal 308)
   defining Unicode char U+0135 (decimal 309)
   defining Unicode char U+0136 (decimal 310)
   defining Unicode char U+0137 (decimal 311)
   defining Unicode char U+0139 (decimal 313)
   defining Unicode char U+013A (decimal 314)
   defining Unicode char U+013B (decimal 315)
   defining Unicode char U+013C (decimal 316)
   defining Unicode char U+013D (decimal 317)
   defining Unicode char U+013E (decimal 318)
   defining Unicode char U+0141 (decimal 321)
   defining Unicode char U+0142 (decimal 322)
   defining Unicode char U+0143 (decimal 323)
   defining Unicode char U+0144 (decimal 324)
   defining Unicode char U+0145 (decimal 325)
   defining Unicode char U+0146 (decimal 326)
   defining Unicode char U+0147 (decimal 327)
   defining Unicode char U+0148 (decimal 328)
   defining Unicode char U+014A (decimal 330)
   defining Unicode char U+014B (decimal 331)
   defining Unicode char U+014C (decimal 332)
   defining Unicode char U+014D (decimal 333)
   defining Unicode char U+014E (decimal 334)
   defining Unicode char U+014F (decimal 335)
   defining Unicode char U+0150 (decimal 336)
   defining Unicode char U+0151 (decimal 337)
   defining Unicode char U+0152 (decimal 338)
   defining Unicode char U+0153 (decimal 339)
   defining Unicode char U+0154 (decimal 340)
   defining Unicode char U+0155 (decimal 341)
   defining Unicode char U+0156 (decimal 342)
   defining Unicode char U+0157 (decimal 343)
   defining Unicode char U+0158 (decimal 344)
   defining Unicode char U+0159 (decimal 345)
   defining Unicode char U+015A (decimal 346)
   defining Unicode char U+015B (decimal 347)
   defining Unicode char U+015C (decimal 348)
   defining Unicode char U+015D (decimal 349)
   defining Unicode char U+015E (decimal 350)
   defining Unicode char U+015F (decimal 351)
   defining Unicode char U+0160 (decimal 352)
   defining Unicode char U+0161 (decimal 353)
   defining Unicode char U+0162 (decimal 354)
   defining Unicode char U+0163 (decimal 355)
   defining Unicode char U+0164 (decimal 356)
   defining Unicode char U+0165 (decimal 357)
   defining Unicode char U+0168 (decimal 360)
   defining Unicode char U+0169 (decimal 361)
   defining Unicode char U+016A (decimal 362)
   defining Unicode char U+016B (decimal 363)
   defining Unicode char U+016C (decimal 364)
   defining Unicode char U+016D (decimal 365)
   defining Unicode char U+016E (decimal 366)
   defining Unicode char U+016F (decimal 367)
   defining Unicode char U+0170 (decimal 368)
   defining Unicode char U+0171 (decimal 369)
   defining Unicode char U+0172 (decimal 370)
   defining Unicode char U+0173 (decimal 371)
   defining Unicode char U+0174 (decimal 372)
   defining Unicode char U+0175 (decimal 373)
   defining Unicode char U+0176 (decimal 374)
   defining Unicode char U+0177 (decimal 375)
   defining Unicode char U+0178 (decimal 376)
   defining Unicode char U+0179 (decimal 377)
   defining Unicode char U+017A (decimal 378)
   defining Unicode char U+017B (decimal 379)
   defining Unicode char U+017C (decimal 380)
   defining Unicode char U+017D (decimal 381)
   defining Unicode char U+017E (decimal 382)
   defining Unicode char U+01CD (decimal 461)
   defining Unicode char U+01CE (decimal 462)
   defining Unicode char U+01CF (decimal 463)
   defining Unicode char U+01D0 (decimal 464)
   defining Unicode char U+01D1 (decimal 465)
   defining Unicode char U+01D2 (decimal 466)
   defining Unicode char U+01D3 (decimal 467)
   defining Unicode char U+01D4 (decimal 468)
   defining Unicode char U+01E2 (decimal 482)
   defining Unicode char U+01E3 (decimal 483)
   defining Unicode char U+01E6 (decimal 486)
   defining Unicode char U+01E7 (decimal 487)
   defining Unicode char U+01E8 (decimal 488)
   defining Unicode char U+01E9 (decimal 489)
   defining Unicode char U+01EA (decimal 490)
   defining Unicode char U+01EB (decimal 491)
   defining Unicode char U+01F0 (decimal 496)
   defining Unicode char U+01F4 (decimal 500)
   defining Unicode char U+01F5 (decimal 501)
   defining Unicode char U+0218 (decimal 536)
   defining Unicode char U+0219 (decimal 537)
   defining Unicode char U+021A (decimal 538)
   defining Unicode char U+021B (decimal 539)
   defining Unicode char U+01E02 (decimal 7682)
   defining Unicode char U+01E03 (decimal 7683)
   defining Unicode char U+200C (decimal 8204)
   defining Unicode char U+2013 (decimal 8211)
   defining Unicode char U+2014 (decimal 8212)
   defining Unicode char U+2018 (decimal 8216)
   defining Unicode char U+2019 (decimal 8217)
   defining Unicode char U+201A (decimal 8218)
   defining Unicode char U+201C (decimal 8220)
   defining Unicode char U+201D (decimal 8221)
   defining Unicode char U+201E (decimal 8222)
   defining Unicode char U+2030 (decimal 8240)
   defining Unicode char U+2031 (decimal 8241)
   defining Unicode char U+2039 (decimal 8249)
   defining Unicode char U+203A (decimal 8250)
   defining Unicode char U+2423 (decimal 9251)
)
Now handling font encoding OT1 ...
... processing UTF-8 mapping file for font encoding OT1

(/usr/share/texlive/texmf-dist/tex/latex/base/ot1enc.dfu
File: ot1enc.dfu 2015/12/03 v1.1r UTF-8 support for inputenc
   defining Unicode char U+00A0 (decimal 160)
   defining Unicode char U+00A1 (decimal 161)
   defining Unicode char U+00A3 (decimal 163)
   defining Unicode char U+00AD (decimal 173)
   defining Unicode char U+00B8 (decimal 184)
   defining Unicode char U+00BF (decimal 191)
   defining Unicode char U+00C5 (decimal 197)
   defining Unicode char U+00C6 (decimal 198)
   defining Unicode char U+00D8 (decimal 216)
   defining Unicode char U+00DF (decimal 223)
   defining Unicode char U+00E6 (decimal 230)
   defining Unicode char U+00EC (decimal 236)
   defining Unicode char U+00ED (decimal 237)
   defining Unicode char U+00EE (decimal 238)
   defining Unicode char U+00EF (decimal 239)
   defining Unicode char U+00F8 (decimal 248)
   defining Unicode char U+0131 (decimal 305)
   defining Unicode char U+0141 (decimal 321)
   defining Unicode char U+0142 (decimal 322)
   defining Unicode char U+0152 (decimal 338)
   defining Unicode char U+0153 (decimal 339)
   defining Unicode char U+0174 (decimal 372)
   defining Unicode char U+0175 (decimal 373)
   defining Unicode char U+0176 (decimal 374)
   defining Unicode char U+0177 (decimal 375)
   defining Unicode char U+0218 (decimal 536)
   defining Unicode char U+0219 (decimal 537)
   defining Unicode char U+021A (decimal 538)
   defining Unicode char U+021B (decimal 539)
   defining Unicode char U+2013 (decimal 8211)
   defining Unicode char U+2014 (decimal 8212)
   defining Unicode char U+2018 (decimal 8216)
   defining Unicode char U+2019 (decimal 8217)
   defining Unicode char U+201C (decimal 8220)
   defining Unicode char U+201D (decimal 8221)
)
Now handling font encoding OMS ...
... processing UTF-8 mapping file for font encoding OMS

(/usr/share/texlive/texmf-dist/tex/latex/base/omsenc.dfu
File: omsenc.dfu 2015/12/03 v1.1r UTF-8 support for inputenc
   defining Unicode char U+00A7 (decimal 167)
   defining Unicode char U+00B6 (decimal 182)
   defining Unicode char U+00B7 (decimal 183)
   defining Unicode char U+2020 (decimal 8224)
   defining Unicode char U+2021 (decimal 8225)
   defining Unicode char U+2022 (decimal 8226)
)
Now handling font encoding OMX ...
... no UTF-8 mapping file for font encoding OMX
Now handling font encoding U ...
... no UTF-8 mapping file for font encoding U
Now handling font encoding T2A ...
... processing UTF-8 mapping file for font encoding T2A

(/usr/share/texlive/texmf-dist/tex/latex/base/t2aenc.dfu
File: t2aenc.dfu 2015/12/03 v1.1r UTF-8 support for inputenc
   defining Unicode char U+00A4 (decimal 164)
   defining Unicode char U+00A7 (decimal 167)
   defining Unicode char U+00AB (decimal 171)
   defining Unicode char U+00BB (decimal 187)
   defining Unicode char U+0131 (decimal 305)
   defining Unicode char U+0400 (decimal 1024)
   defining Unicode char U+0401 (decimal 1025)
   defining Unicode char U+0402 (decimal 1026)
   defining Unicode char U+0403 (decimal 1027)
   defining Unicode char U+0404 (decimal 1028)
   defining Unicode char U+0405 (decimal 1029)
   defining Unicode char U+0406 (decimal 1030)
   defining Unicode char U+0407 (decimal 1031)
   defining Unicode char U+0408 (decimal 1032)
   defining Unicode char U+0409 (decimal 1033)
   defining Unicode char U+040A (decimal 1034)
   defining Unicode char U+040B (decimal 1035)
   defining Unicode char U+040C (decimal 1036)
   defining Unicode char U+040D (decimal 1037)
   defining Unicode char U+040E (decimal 1038)
   defining Unicode char U+040F (decimal 1039)
   defining Unicode char U+0410 (decimal 1040)
   defining Unicode char U+0411 (decimal 1041)
   defining Unicode char U+0412 (decimal 1042)
   defining Unicode char U+0413 (decimal 1043)
   defining Unicode char U+0414 (decimal 1044)
   defining Unicode char U+0415 (decimal 1045)
   defining Unicode char U+0416 (decimal 1046)
   defining Unicode char U+0417 (decimal 1047)
   defining Unicode char U+0418 (decimal 1048)
   defining Unicode char U+0419 (decimal 1049)
   defining Unicode char U+041A (decimal 1050)
   defining Unicode char U+041B (decimal 1051)
   defining Unicode char U+041C (decimal 1052)
   defining Unicode char U+041D (decimal 1053)
   defining Unicode char U+041E (decimal 1054)
   defining Unicode char U+041F (decimal 1055)
   defining Unicode char U+0420 (decimal 1056)
   defining Unicode char U+0421 (decimal 1057)
   defining Unicode char U+0422 (decimal 1058)
   defining Unicode char U+0423 (decimal 1059)
   defining Unicode char U+0424 (decimal 1060)
   defining Unicode char U+0425 (decimal 1061)
   defining Unicode char U+0426 (decimal 1062)
   defining Unicode char U+0427 (decimal 1063)
   defining Unicode char U+0428 (decimal 1064)
   defining Unicode char U+0429 (decimal 1065)
   defining Unicode char U+042A (decimal 1066)
   defining Unicode char U+042B (decimal 1067)
   defining Unicode char U+042C (decimal 1068)
   defining Unicode char U+042D (decimal 1069)
   defining Unicode char U+042E (decimal 1070)
   defining Unicode char U+042F (decimal 1071)
   defining Unicode char U+0430 (decimal 1072)
   defining Unicode char U+0431 (decimal 1073)
   defining Unicode char U+0432 (decimal 1074)
   defining Unicode char U+0433 (decimal 1075)
   defining Unicode char U+0434 (decimal 1076)
   defining Unicode char U+0435 (decimal 1077)
   defining Unicode char U+0436 (decimal 1078)
   defining Unicode char U+0437 (decimal 1079)
   defining Unicode char U+0438 (decimal 1080)
   defining Unicode char U+0439 (decimal 1081)
   defining Unicode char U+043A (decimal 1082)
   defining Unicode char U+043B (decimal 1083)
   defining Unicode char U+043C (decimal 1084)
   defining Unicode char U+043D (decimal 1085)
   defining Unicode char U+043E (decimal 1086)
   defining Unicode char U+043F (decimal 1087)
   defining Unicode char U+0440 (decimal 1088)
   defining Unicode char U+0441 (decimal 1089)
   defining Unicode char U+0442 (decimal 1090)
   defining Unicode char U+0443 (decimal 1091)
   defining Unicode char U+0444 (decimal 1092)
   defining Unicode char U+0445 (decimal 1093)
   defining Unicode char U+0446 (decimal 1094)
   defining Unicode char U+0447 (decimal 1095)
   defining Unicode char U+0448 (decimal 1096)
   defining Unicode char U+0449 (decimal 1097)
   defining Unicode char U+044A (decimal 1098)
   defining Unicode char U+044B (decimal 1099)
   defining Unicode char U+044C (decimal 1100)
   defining Unicode char U+044D (decimal 1101)
   defining Unicode char U+044E (decimal 1102)
   defining Unicode char U+044F (decimal 1103)
   defining Unicode char U+0450 (decimal 1104)
   defining Unicode char U+0451 (decimal 1105)
   defining Unicode char U+0452 (decimal 1106)
   defining Unicode char U+0453 (decimal 1107)
   defining Unicode char U+0454 (decimal 1108)
   defining Unicode char U+0455 (decimal 1109)
   defining Unicode char U+0456 (decimal 1110)
   defining Unicode char U+0457 (decimal 1111)
   defining Unicode char U+0458 (decimal 1112)
   defining Unicode char U+0459 (decimal 1113)
   defining Unicode char U+045A (decimal 1114)
   defining Unicode char U+045B (decimal 1115)
   defining Unicode char U+045C (decimal 1116)
   defining Unicode char U+045D (decimal 1117)
   defining Unicode char U+045E (decimal 1118)
   defining Unicode char U+045F (decimal 1119)
   defining Unicode char U+0490 (decimal 1168)
   defining Unicode char U+0491 (decimal 1169)
   defining Unicode char U+0492 (decimal 1170)
   defining Unicode char U+0493 (decimal 1171)
   defining Unicode char U+0496 (decimal 1174)
   defining Unicode char U+0497 (decimal 1175)
   defining Unicode char U+0498 (decimal 1176)
   defining Unicode char U+0499 (decimal 1177)
   defining Unicode char U+049A (decimal 1178)
   defining Unicode char U+049B (decimal 1179)
   defining Unicode char U+049C (decimal 1180)
   defining Unicode char U+049D (decimal 1181)
   defining Unicode char U+04A0 (decimal 1184)
   defining Unicode char U+04A1 (decimal 1185)
   defining Unicode char U+04A2 (decimal 1186)
   defining Unicode char U+04A3 (decimal 1187)
   defining Unicode char U+04A4 (decimal 1188)
   defining Unicode char U+04A5 (decimal 1189)
   defining Unicode char U+04AA (decimal 1194)
   defining Unicode char U+04AB (decimal 1195)
   defining Unicode char U+04AE (decimal 1198)
   defining Unicode char U+04AF (decimal 1199)
   defining Unicode char U+04B0 (decimal 1200)
   defining Unicode char U+04B1 (decimal 1201)
   defining Unicode char U+04B2 (decimal 1202)
   defining Unicode char U+04B3 (decimal 1203)
   defining Unicode char U+04B6 (decimal 1206)
   defining Unicode char U+04B7 (decimal 1207)
   defining Unicode char U+04B8 (decimal 1208)
   defining Unicode char U+04B9 (decimal 1209)
   defining Unicode char U+04BA (decimal 1210)
   defining Unicode char U+04BB (decimal 1211)
   defining Unicode char U+04C0 (decimal 1216)
   defining Unicode char U+04C1 (decimal 1217)
   defining Unicode char U+04C2 (decimal 1218)
   defining Unicode char U+04D0 (decimal 1232)
   defining Unicode char U+04D1 (decimal 1233)
   defining Unicode char U+04D2 (decimal 1234)
   defining Unicode char U+04D3 (decimal 1235)
   defining Unicode char U+04D4 (decimal 1236)
   defining Unicode char U+04D5 (decimal 1237)
   defining Unicode char U+04D6 (decimal 1238)
   defining Unicode char U+04D7 (decimal 1239)
   defining Unicode char U+04D8 (decimal 1240)
   defining Unicode char U+04D9 (decimal 1241)
   defining Unicode char U+04DA (decimal 1242)
   defining Unicode char U+04DB (decimal 1243)
   defining Unicode char U+04DC (decimal 1244)
   defining Unicode char U+04DD (decimal 1245)
   defining Unicode char U+04DE (decimal 1246)
   defining Unicode char U+04DF (decimal 1247)
   defining Unicode char U+04E2 (decimal 1250)
   defining Unicode char U+04E3 (decimal 1251)
   defining Unicode char U+04E4 (decimal 1252)
   defining Unicode char U+04E5 (decimal 1253)
   defining Unicode char U+04E6 (decimal 1254)
   defining Unicode char U+04E7 (decimal 1255)
   defining Unicode char U+04E8 (decimal 1256)
   defining Unicode char U+04E9 (decimal 1257)
   defining Unicode char U+04EC (decimal 1260)
   defining Unicode char U+04ED (decimal 1261)
   defining Unicode char U+04EE (decimal 1262)
   defining Unicode char U+04EF (decimal 1263)
   defining Unicode char U+04F0 (decimal 1264)
   defining Unicode char U+04F1 (decimal 1265)
   defining Unicode char U+04F2 (decimal 1266)
   defining Unicode char U+04F3 (decimal 1267)
   defining Unicode char U+04F4 (decimal 1268)
   defining Unicode char U+04F5 (decimal 1269)
   defining Unicode char U+04F8 (decimal 1272)
   defining Unicode char U+04F9 (decimal 1273)
   defining Unicode char U+200C (decimal 8204)
   defining Unicode char U+2013 (decimal 8211)
   defining Unicode char U+2014 (decimal 8212)
   defining Unicode char U+2018 (decimal 8216)
   defining Unicode char U+2019 (decimal 8217)
   defining Unicode char U+201C (decimal 8220)
   defining Unicode char U+201D (decimal 8221)
   defining Unicode char U+201E (decimal 8222)
   defining Unicode char U+2030 (decimal 8240)
   defining Unicode char U+2031 (decimal 8241)
   defining Unicode char U+2116 (decimal 8470)
   defining Unicode char U+2329 (decimal 9001)
   defining Unicode char U+232A (decimal 9002)
   defining Unicode char U+2423 (decimal 9251)
)
   defining Unicode char U+00A9 (decimal 169)
   defining Unicode char U+00AA (decimal 170)
   defining Unicode char U+00AE (decimal 174)
   defining Unicode char U+00BA (decimal 186)
   defining Unicode char U+02C6 (decimal 710)
   defining Unicode char U+02DC (decimal 732)
   defining Unicode char U+200C (decimal 8204)
   defining Unicode char U+2026 (decimal 8230)
   defining Unicode char U+2122 (decimal 8482)
   defining Unicode char U+2423 (decimal 9251)
))
(/usr/share/texlive/texmf-dist/tex/generic/babel/babel.sty
Package: babel 2016/02/24 3.9q The Babel package

(/usr/share/texlive/texmf-dist/tex/generic/babel-english/english.ldf
Language: english 2012/08/20 v3.3p English support from the babel system

(/usr/share/texlive/texmf-dist/tex/generic/babel/babel.def
File: babel.def 2016/02/24 3.9q Babel common definitions
\babel@savecnt=\count88
\U@D=\dimen103
)
\l@canadian = a dialect from \language\l@american 
\l@australian = a dialect from \language\l@british 
\l@newzealand = a dialect from \language\l@british 
)
(/usr/share/texlive/texmf-dist/tex/generic/babel-russian/russianb.ldf
Language: russianb 2016/02/18 1.3h Russian support for the Babel system
Package babel Info: Making " an active character on input line 111.
)
(/usr/share/texlive/texmf-dist/tex/generic/babel-ukraineb/ukraineb.ldf
Language: ukraineb 2008/03/21 v1.1l Ukrainian support from the babel system
LaTeX Info: Redefining \textcyrillic on input line 138.
))
(/usr/share/texlive/texmf-dist/tex/latex/amsfonts/amssymb.sty
Package: amssymb 2013/01/14 v3.01 AMS font symbols

(/usr/share/texlive/texmf-dist/tex/latex/amsfonts/amsfonts.sty
Package: amsfonts 2013/01/14 v3.01 Basic AMSFonts support
\@emptytoks=\toks17
\symAMSa=\mathgroup4
\symAMSb=\mathgroup5
LaTeX Font Info:    Overwriting math alphabet `\mathfrak' in version `bold'
(Font)                  U/euf/m/n --> U/euf/b/n on input line 106.
))
(/usr/share/texlive/texmf-dist/tex/latex/amsmath/amsmath.sty
Package: amsmath 2016/03/03 v2.15a AMS math features
\@mathmargin=\skip48

For additional information on amsmath, use the `?' option.
(/usr/share/texlive/texmf-dist/tex/latex/amsmath/amstext.sty
Package: amstext 2000/06/29 v2.01 AMS text

(/usr/share/texlive/texmf-dist/tex/latex/amsmath/amsgen.sty
File: amsgen.sty 1999/11/30 v2.0 generic functions
\@emptytoks=\toks18
\ex@=\dimen104
))
(/usr/share/texlive/texmf-dist/tex/latex/amsmath/amsbsy.sty
Package: amsbsy 1999/11/29 v1.2d Bold Symbols
\pmbraise@=\dimen105
)
(/usr/share/texlive/texmf-dist/tex/latex/amsmath/amsopn.sty
Package: amsopn 1999/12/14 v2.01 operator names
)
\inf@bad=\count89
LaTeX Info: Redefining \frac on input line 199.
\uproot@=\count90
\leftroot@=\count91
LaTeX Info: Redefining \overline on input line 297.
\classnum@=\count92
\DOTSCASE@=\count93
LaTeX Info: Redefining \ldots on input line 394.
LaTeX Info: Redefining \dots on input line 397.
LaTeX Info: Redefining \cdots on input line 518.
\Mathstrutbox@=\box27
\strutbox@=\box28
\big@size=\dimen106
LaTeX Font Info:    Redeclaring font encoding OML on input line 630.
LaTeX Font Info:    Redeclaring font encoding OMS on input line 631.
\macc@depth=\count94
\c@MaxMatrixCols=\count95
\dotsspace@=\muskip10
\c@parentequation=\count96
\dspbrk@lvl=\count97
\tag@help=\toks19
\row@=\count98
\column@=\count99
\maxfields@=\count100
\andhelp@=\toks20
\eqnshift@=\dimen107
\alignsep@=\dimen108
\tagshift@=\dimen109
\tagwidth@=\dimen110
\totwidth@=\dimen111
\lineht@=\dimen112
\@envbody=\toks21
\multlinegap=\skip49
\multlinetaggap=\skip50
\mathdisplay@stack=\toks22
LaTeX Info: Redefining \[ on input line 2735.
LaTeX Info: Redefining \] on input line 2736.
)
(/usr/share/texlive/texmf-dist/tex/latex/amscls/amsthm.sty
Package: amsthm 2015/03/04 v2.20.2
\thm@style=\toks23
\thm@bodyfont=\toks24
\thm@headfont=\toks25
\thm@notefont=\toks26
\thm@headpunct=\toks27
\thm@preskip=\skip51
\thm@postskip=\skip52
\thm@headsep=\skip53
\dth@everypar=\toks28
)
(/usr/share/texlive/texmf-dist/tex/latex/t2/mathtext.sty
Package: mathtext 1999/01/28 v1.0 transparent text-and-math defs
LaTeX Info: Redefining \halign on input line 111.
)
(/usr/share/texlive/texmf-dist/tex/latex/cite/cite.sty
LaTeX Info: Redefining \cite on input line 302.
LaTeX Info: Redefining \nocite on input line 332.
Package: cite 2015/02/27  v 5.5
)
(/usr/share/texlive/texmf-dist/tex/latex/tools/enumerate.sty
Package: enumerate 2015/07/23 v3.00 enumerate extensions (DPC)
\@enLab=\toks29
)
(/usr/share/texlive/texmf-dist/tex/latex/float/float.sty
Package: float 2001/11/08 v1.3d Float enhancements (AL)
\c@float@type=\count101
\float@exts=\toks30
\float@box=\box29
\@float@everytoks=\toks31
\@floatcapt=\box30
)
(/usr/share/texlive/texmf-dist/tex/latex/tools/indentfirst.sty
Package: indentfirst 1995/11/23 v1.03 Indent first paragraph (DPC)
)
(/usr/share/texlive/texmf-dist/tex/latex/t2/misccorr.sty
Package: misccorr 1999/09/23 v0.1 misc corrections for russian typesetting
\c@rlistctr=\count102
)
(/usr/share/texlive/texmf-dist/tex/latex/ccaption/ccaption.sty
Package: ccaption 2011/08/07 v3.2c Extended captioning and new floats
\@contcwidth=\skip54
\@contindw=\skip55
\abovelegendskip=\skip56
\belowlegendskip=\skip57
\c@newflo@tctr=\count103
)
(/usr/share/texlive/texmf-dist/tex/latex/graphics/graphicx.sty
Package: graphicx 2014/10/28 v1.0g Enhanced LaTeX Graphics (DPC,SPQR)

(/usr/share/texlive/texmf-dist/tex/latex/graphics/graphics.sty
Package: graphics 2016/01/03 v1.0q Standard LaTeX Graphics (DPC,SPQR)

(/usr/share/texlive/texmf-dist/tex/latex/graphics/trig.sty
Package: trig 2016/01/03 v1.10 sin cos tan (DPC)
)
(/usr/share/texlive/texmf-dist/tex/latex/latexconfig/graphics.cfg
File: graphics.cfg 2010/04/23 v1.9 graphics configuration of TeX Live
)
Package graphics Info: Driver file: pdftex.def on input line 95.

(/usr/share/texlive/texmf-dist/tex/latex/pdftex-def/pdftex.def
File: pdftex.def 2011/05/27 v0.06d Graphics/color for pdfTeX

(/usr/share/texlive/texmf-dist/tex/generic/oberdiek/infwarerr.sty
Package: infwarerr 2010/04/08 v1.3 Providing info/warning/error messages (HO)
)
(/usr/share/texlive/texmf-dist/tex/generic/oberdiek/ltxcmds.sty
Package: ltxcmds 2011/11/09 v1.22 LaTeX kernel commands for general use (HO)
)
\Gread@gobject=\count104
))
\Gin@req@height=\dimen113
\Gin@req@width=\dimen114
)
(/usr/share/texlive/texmf-dist/tex/latex/enumitem/enumitem.sty
Package: enumitem 2011/09/28 v3.5.2 Customized lists
\labelindent=\skip58
\enit@outerparindent=\dimen115
\enit@toks=\toks32
\enit@inbox=\box31
\enitdp@description=\count105
)
(/usr/share/texlive/texmf-dist/tex/latex/chngcntr/chngcntr.sty
Package: chngcntr 2009/09/02 v1.0a change counter resetting
)
(/usr/share/texlive/texmf-dist/tex/latex/base/makeidx.sty
Package: makeidx 2014/09/29 v1.0m Standard LaTeX package
)
(/usr/share/texlive/texmf-dist/tex/latex/framed/framed.sty
Package: framed 2011/10/22 v 0.96: framed or shaded text with page breaks
\OuterFrameSep=\skip59
\fb@frw=\dimen116
\fb@frh=\dimen117
\FrameRule=\dimen118
\FrameSep=\dimen119
)
(/usr/share/texlive/texmf-dist/tex/latex/lastpage/lastpage.sty
Package: lastpage 2015/03/29 v1.2m Refers to last page's name (HMM; JPG)
)
(/usr/share/texlive/texmf-dist/tex/latex/tools/longtable.sty
Package: longtable 2014/10/28 v4.11 Multi-page Table package (DPC)
\LTleft=\skip60
\LTright=\skip61
\LTpre=\skip62
\LTpost=\skip63
\LTchunksize=\count106
\LTcapwidth=\dimen120
\LT@head=\box32
\LT@firsthead=\box33
\LT@foot=\box34
\LT@lastfoot=\box35
\LT@cols=\count107
\LT@rows=\count108
\c@LT@tables=\count109
\c@LT@chunks=\count110
\LT@p@ftn=\toks33
)
Class scrartcl Info: longtable captions redefined on input line 20.

(/usr/share/texlive/texmf-dist/tex/latex/totcount/totcount.sty
Package: totcount 2011/01/25 v1.2 package for gettingthe total value of LaTeX c
ounters
)
(/usr/share/texlive/texmf-dist/tex/latex/etoolbox/etoolbox.sty
Package: etoolbox 2015/08/02 v2.2a e-TeX tools for LaTeX (JAW)
\etb@tempcnta=\count111
)
(/usr/share/texlive/texmf-dist/tex/latex/tools/tabularx.sty
Package: tabularx 2014/10/28 v2.10 `tabularx' package (DPC)

(/usr/share/texlive/texmf-dist/tex/latex/tools/array.sty
Package: array 2014/10/28 v2.4c Tabular extension package (FMi)
\col@sep=\dimen121
\extrarowheight=\dimen122
\NC@list=\toks34
\extratabsurround=\skip64
\backup@length=\skip65
)
\TX@col@width=\dimen123
\TX@old@table=\dimen124
\TX@old@col=\dimen125
\TX@target=\dimen126
\TX@delta=\dimen127
\TX@cols=\count112
\TX@ftn=\toks35
)
(/usr/share/texlive/texmf-dist/tex/latex/doublestroke/dsfont.sty
Package: dsfont 1995/08/01 v0.1 Double stroke roman fonts
)
(/usr/share/texlive/texmf-dist/tex/latex/sectsty/sectsty.sty
Package: sectsty 2002/02/25 v2.0.2 Commands to change all sectional heading sty
les
)
(/usr/share/texlive/texmf-dist/tex/latex/multirow/multirow.sty
\bigstrutjot=\dimen128
)
(/usr/share/texlive/texmf-dist/tex/latex/was/gensymb.sty
Package: gensymb 2003/07/02 v1.0 (WaS)
)
(/usr/share/texlive/texmf-dist/tex/latex/geometry/geometry.sty
Package: geometry 2010/09/12 v5.6 Page Geometry

(/usr/share/texlive/texmf-dist/tex/generic/oberdiek/ifpdf.sty
Package: ifpdf 2011/01/30 v2.3 Provides the ifpdf switch (HO)
Package ifpdf Info: pdfTeX in PDF mode is detected.
)
(/usr/share/texlive/texmf-dist/tex/generic/oberdiek/ifvtex.sty
Package: ifvtex 2010/03/01 v1.5 Detect VTeX and its facilities (HO)
Package ifvtex Info: VTeX not detected.
)
(/usr/share/texlive/texmf-dist/tex/generic/ifxetex/ifxetex.sty
Package: ifxetex 2010/09/12 v0.6 Provides ifxetex conditional
)
\Gm@cnth=\count113
\Gm@cntv=\count114
\c@Gm@tempcnt=\count115
\Gm@bindingoffset=\dimen129
\Gm@wd@mp=\dimen130
\Gm@odd@mp=\dimen131
\Gm@even@mp=\dimen132
\Gm@layoutwidth=\dimen133
\Gm@layoutheight=\dimen134
\Gm@layouthoffset=\dimen135
\Gm@layoutvoffset=\dimen136
\Gm@dimlist=\toks36
)
(/usr/share/texlive/texmf-dist/tex/latex/titlesec/titletoc.sty
Package: titletoc 2011/12/15 v1.6 TOC entries
\ttl@leftsep=\dimen137
)
\c@algor=\count116
\@indexfile=\write3
\openout3 = `Example.idx'.


Writing index file Example.idx

Class scrartcl Warning: Usage of package `fancyhdr' together
(scrartcl)              with a KOMA-Script class is not recommended.
(scrartcl)              I'd suggest to use 
(scrartcl)              package `scrlayer-scrpage'.
(scrartcl)              Nevertheless, using requested
(scrartcl)              package `fancyhdr' on input line 83.

(/usr/share/texlive/texmf-dist/tex/latex/fancyhdr/fancyhdr.sty
\fancy@headwidth=\skip66
\f@ncyO@elh=\skip67
\f@ncyO@erh=\skip68
\f@ncyO@olh=\skip69
\f@ncyO@orh=\skip70
\f@ncyO@elf=\skip71
\f@ncyO@erf=\skip72
\f@ncyO@olf=\skip73
\f@ncyO@orf=\skip74
)
\c@totfigures=\count117
\c@tottables=\count118
\c@totreferences=\count119
\c@totalgor=\count120

(/usr/share/texlive/texmf-dist/tex/latex/secdot/secdot.sty
Package: secdot 2000/06/20 v1.0 section numbers with dots
)
(/usr/share/texlive/texmf-dist/tex/latex/caption/caption.sty
Package: caption 2016/02/21 v3.3-144 Customizing captions (AR)

(/usr/share/texlive/texmf-dist/tex/latex/caption/caption3.sty
Package: caption3 2016/02/04 v1.7-139 caption3 kernel (AR)
Package caption3 Info: TeX engine: e-TeX on input line 67.
\captionmargin=\dimen138
\captionmargin@=\dimen139
\captionwidth=\dimen140
\caption@tempdima=\dimen141
\caption@indent=\dimen142
\caption@parindent=\dimen143
\caption@hangindent=\dimen144
Package caption Info: Unknown document class (or package),
(caption)             standard defaults will be used.
)

Package caption Warning: Unsupported document class (or package) detected,
(caption)                usage of the caption package is not recommended.
See the caption package documentation for explanation.

Package caption Info: \@makecaption = \long macro:#1#2->\let \@conttempa \relax
 \ifdim \prevdepth >-99\p@ \vskip \abovecaptionskip \else \def \@conttempa {\vb
ox to\topskip {}}\fi \let \@contfnote \footnote \renewcommand {\footnote }[2][]
{} \let \@contfmark \footnotemark \renewcommand {\footnotemark }[1][]{} \let \@
contlabel \label \renewcommand {\label }[1]{} \sbox \@tempboxa {\@contnfont #1\
@contdelim \@conttfont #2} \let \footnote \@contfnote \let \footnotemark \@cont
fmark \let \label \@contlabel \ifdim \wd \@tempboxa <\linewidth \centering \fi 
\if@contcw \centering \parbox {\@contcwidth }{\fi \if@conthang \sbox \@tempboxa
 {\@contnfont #1\@contdelim } \@contpre {\@contnfont #1\@contdelim }\@conttempa
 {\@contcstyle \hangindent =\wd \@tempboxa \hangafter =\@ne \@conttfont #2\par 
} \else \if@contindent \@contpre {\@contnfont #1\@contdelim }\@conttempa {\@con
tcstyle \hangindent =\@contindw \hangafter =\@ne \@conttfont #2\par } \else \@c
ontpre {\@contnfont #1\@contdelim }\@conttempa {\@contcstyle \@conttfont #2\par
 } \fi \fi \@contpost \if@contcw \par } \fi \vskip \belowcaptionskip .
Package caption Info: KOMA-Script document class.
\c@ContinuedFloat=\count121
Package caption Info: float package is loaded.
Package caption Info: longtable package is loaded.
(/usr/share/texlive/texmf-dist/tex/latex/caption/ltcaption.sty
Package: ltcaption 2013/06/09 v1.4-94 longtable captions (AR)
))

Class scrartcl Warning: Usage of package `titlesec' together
(scrartcl)              with a KOMA-Script class is not recommended.
(scrartcl)              I'd suggest to use the package only
(scrartcl)              if you really need it, because it breaks several
(scrartcl)              KOMA-Script features, i.e., option `headings' and
(scrartcl)              the extended optional argument of the section
(scrartcl)              commands.
(scrartcl)              Nevertheless, using requested
(scrartcl)              package `titlesec' on input line 134.

(/usr/share/texlive/texmf-dist/tex/latex/titlesec/titlesec.sty
Package: titlesec 2016/03/15 v2.10.1 Sectioning titles
\ttl@box=\box36
\beforetitleunit=\skip75
\aftertitleunit=\skip76
\ttl@plus=\dimen145
\ttl@minus=\dimen146
\ttl@toksa=\toks37
\titlewidth=\dimen147
\titlewidthlast=\dimen148
\titlewidthfirst=\dimen149
)
Class scrartcl Info: Deactivating the `titlesec` workaround,
(scrartcl)           because package is newer than expected on input line 134.

(/usr/share/texlive/texmf-dist/tex/latex/titlesec/block.tss
File: block.tss 2016/03/15
)
(/usr/share/texlive/texmf-dist/tex/latex/tocloft/tocloft.sty
Package: tocloft 2013/05/02 v2.3f parameterised ToC, etc., typesetting
Package tocloft Info: The document has section divisions on input line 44.
\cftparskip=\skip77
\cftbeforetoctitleskip=\skip78
\cftaftertoctitleskip=\skip79
\cftbeforepartskip=\skip80
\cftpartnumwidth=\skip81
\cftpartindent=\skip82
\cftbeforesecskip=\skip83
\cftsecindent=\skip84
\cftsecnumwidth=\skip85
\cftbeforesubsecskip=\skip86
\cftsubsecindent=\skip87
\cftsubsecnumwidth=\skip88
\cftbeforesubsubsecskip=\skip89
\cftsubsubsecindent=\skip90
\cftsubsubsecnumwidth=\skip91
\cftbeforeparaskip=\skip92
\cftparaindent=\skip93
\cftparanumwidth=\skip94
\cftbeforesubparaskip=\skip95
\cftsubparaindent=\skip96
\cftsubparanumwidth=\skip97
\cftbeforeloftitleskip=\skip98
\cftafterloftitleskip=\skip99
\cftbeforefigskip=\skip100
\cftfigindent=\skip101
\cftfignumwidth=\skip102
\c@lofdepth=\count122
\c@lotdepth=\count123
\cftbeforelottitleskip=\skip103
\cftafterlottitleskip=\skip104
\cftbeforetabskip=\skip105
\cfttabindent=\skip106
\cfttabnumwidth=\skip107
) (./Example.aux)
\openout1 = `Example.aux'.

LaTeX Font Info:    Checking defaults for OML/cmm/m/it on input line 187.
LaTeX Font Info:    ... okay on input line 187.
LaTeX Font Info:    Checking defaults for T1/cmr/m/n on input line 187.
LaTeX Font Info:    ... okay on input line 187.
LaTeX Font Info:    Checking defaults for OT1/cmr/m/n on input line 187.
LaTeX Font Info:    ... okay on input line 187.
LaTeX Font Info:    Checking defaults for OMS/cmsy/m/n on input line 187.
LaTeX Font Info:    ... okay on input line 187.
LaTeX Font Info:    Checking defaults for OMX/cmex/m/n on input line 187.
LaTeX Font Info:    ... okay on input line 187.
LaTeX Font Info:    Checking defaults for U/cmr/m/n on input line 187.
LaTeX Font Info:    ... okay on input line 187.
LaTeX Font Info:    Checking defaults for T2A/cmr/m/n on input line 187.
LaTeX Font Info:    Try loading font information for T2A+cmr on input line 187.


(/usr/share/texlive/texmf-dist/tex/latex/cyrillic/t2acmr.fd
File: t2acmr.fd 2001/08/11 v1.0a Computer Modern Cyrillic font definitions
)
LaTeX Font Info:    ... okay on input line 187.

(/usr/share/texlive/texmf-dist/tex/context/base/supp-pdf.mkii
[Loading MPS to PDF converter (version 2006.09.02).]
\scratchcounter=\count124
\scratchdimen=\dimen150
\scratchbox=\box37
\nofMPsegments=\count125
\nofMParguments=\count126
\everyMPshowfont=\toks38
\MPscratchCnt=\count127
\MPscratchDim=\dimen151
\MPnumerator=\count128
\makeMPintoPDFobject=\count129
\everyMPtoPDFconversion=\toks39
) (/usr/share/texlive/texmf-dist/tex/generic/oberdiek/pdftexcmds.sty
Package: pdftexcmds 2011/11/29 v0.20 Utility functions of pdfTeX for LuaTeX (HO
)

(/usr/share/texlive/texmf-dist/tex/generic/oberdiek/ifluatex.sty
Package: ifluatex 2010/03/01 v1.3 Provides the ifluatex switch (HO)
Package ifluatex Info: LuaTeX not detected.
)
Package pdftexcmds Info: LuaTeX not detected.
Package pdftexcmds Info: \pdf@primitive is available.
Package pdftexcmds Info: \pdf@ifprimitive is available.
Package pdftexcmds Info: \pdfdraftmode found.
)
(/usr/share/texlive/texmf-dist/tex/latex/oberdiek/epstopdf-base.sty
Package: epstopdf-base 2010/02/09 v2.5 Base part for package epstopdf

(/usr/share/texlive/texmf-dist/tex/latex/oberdiek/grfext.sty
Package: grfext 2010/08/19 v1.1 Manage graphics extensions (HO)

(/usr/share/texlive/texmf-dist/tex/generic/oberdiek/kvdefinekeys.sty
Package: kvdefinekeys 2011/04/07 v1.3 Define keys (HO)
))
(/usr/share/texlive/texmf-dist/tex/latex/oberdiek/kvoptions.sty
Package: kvoptions 2011/06/30 v3.11 Key value format for package options (HO)

(/usr/share/texlive/texmf-dist/tex/generic/oberdiek/kvsetkeys.sty
Package: kvsetkeys 2012/04/25 v1.16 Key value parser (HO)

(/usr/share/texlive/texmf-dist/tex/generic/oberdiek/etexcmds.sty
Package: etexcmds 2011/02/16 v1.5 Avoid name clashes with e-TeX commands (HO)
Package etexcmds Info: Could not find \expanded.
(etexcmds)             That can mean that you are not using pdfTeX 1.50 or
(etexcmds)             that some package has redefined \expanded.
(etexcmds)             In the latter case, load this package earlier.
)))
Package grfext Info: Graphics extension search list:
(grfext)             [.png,.pdf,.jpg,.mps,.jpeg,.jbig2,.jb2,.PNG,.PDF,.JPG,.JPE
G,.JBIG2,.JB2,.eps]
(grfext)             \AppendGraphicsExtensions on input line 452.

(/usr/share/texlive/texmf-dist/tex/latex/latexconfig/epstopdf-sys.cfg
File: epstopdf-sys.cfg 2010/07/13 v1.3 Configuration of (r)epstopdf for TeX Liv
e
))
Package lastpage Info: Please have a look at the pageslts package at
(lastpage)             https://www.ctan.org/pkg/pageslts
(lastpage)             ! on input line 187.
LaTeX Info: Redefining \celsius on input line 187.
Package gensymb Info: Faking symbols for \degree and \celsius on input line 187
.


Package gensymb Warning: Not defining \perthousand.

LaTeX Info: Redefining \ohm on input line 187.
Package gensymb Info: Using \Omega for \ohm on input line 187.

Package gensymb Warning: Not defining \micro.

*geometry* driver: auto-detecting
*geometry* detected driver: pdftex
*geometry* verbose mode - [ preamble ] result:
* driver: pdftex
* paper: a4paper
* layout: <same size as paper>
* layoutoffset:(h,v)=(0.0pt,0.0pt)
* modes: 
* h-part:(L,W,R)=(85.35826pt, 483.69687pt, 28.45274pt)
* v-part:(T,H,B)=(56.9055pt, 731.23584pt, 56.9055pt)
* \paperwidth=597.50787pt
* \paperheight=845.04684pt
* \textwidth=483.69687pt
* \textheight=731.23584pt
* \oddsidemargin=13.08827pt
* \evensidemargin=13.08827pt
* \topmargin=-54.36449pt
* \headheight=17.0pt
* \headsep=25.0pt
* \topskip=14.0pt
* \footskip=36.89995pt
* \marginparwidth=15.0pt
* \marginparsep=10.0pt
* \columnsep=10.0pt
* \skip\footins=12.0pt plus 4.0pt minus 2.0pt
* \hoffset=0.0pt
* \voffset=0.0pt
* \mag=1000
* \@twocolumnfalse
* \@twosidefalse
* \@mparswitchfalse
* \@reversemarginfalse
* (1in=72.27pt=25.4mm, 1cm=28.453pt)

Package caption Info: Begin \AtBeginDocument code.
Package caption Info: Incompatible package detected (regarding \@caption).
(caption)             \@caption = \long macro:#1[#2]#3->\par \addcontentsline {
\csname ext@#1\endcsname }{#1}{\protect \numberline {\csname the#1\endcsname .}
{\ignorespaces #2}}\begingroup \@parboxrestore \normalsize \@makecaption {\csna
me fnum@#1\endcsname }{\ignorespaces #3}\par \endgroup .

Package caption Warning: \caption will not be redefined since it's already
(caption)                redefined by a document class or package which is
(caption)                unknown to the caption package.
See the caption package documentation for explanation.

Package caption Info: End \AtBeginDocument code.
(./Work.tex
Underfull \hbox (badness 2556) in paragraph at lines 10--11
[]\T2A/faq/m/n/14.4 Обладнання, примiщення i режим працi користувача повиннi
 []

[1{/var/lib/texmf/fonts/map/pdftex/updmap/pdftex.map}

]
Underfull \hbox (badness 6725) in paragraph at lines 34--35
[]\T2A/faq/m/n/14.4 Загальна характеристика виробничого примiщення, в якому
 []

<<oml.cmap>><<oms.cmap>><<omx.cmap>>
LaTeX Font Info:    Try loading font information for U+msa on input line 40.

(/usr/share/texlive/texmf-dist/tex/latex/amsfonts/umsa.fd
File: umsa.fd 2013/01/14 v3.01 AMS symbols A
)
LaTeX Font Info:    Try loading font information for U+msb on input line 40.

(/usr/share/texlive/texmf-dist/tex/latex/amsfonts/umsb.fd
File: umsb.fd 2013/01/14 v3.01 AMS symbols B
)
Overfull \hbox (7.24358pt too wide) in paragraph at lines 42--42
[]|\T2A/faq/m/n/14.4 Найменування
 []


Overfull \hbox (6.09239pt too wide) in paragraph at lines 42--42
[]|\T2A/faq/m/n/14.4 Характеристика
 []


Overfull \hbox (8.91235pt too wide) in paragraph at lines 42--42
[]|\T2A/faq/m/n/14.4 Об рунтування
 []


Underfull \hbox (badness 10000) in paragraph at lines 42--42
[]|\T2A/faq/m/n/14.4 Документ,
 []


Underfull \hbox (badness 10000) in paragraph at lines 42--42
\T2A/faq/m/n/14.4 що ре-гла-
 []


Underfull \hbox (badness 10000) in paragraph at lines 44--44
[]|\T2A/faq/m/n/14.4 1. Розмiри
 []


Underfull \hbox (badness 10000) in paragraph at lines 44--44
\T2A/faq/m/n/14.4 примiщення
 []


Underfull \hbox (badness 5008) in paragraph at lines 44--44
[]\T2A/faq/m/n/14.4 на одне р.
 []


Overfull \vbox (39.11082pt too high) detected at line 44
 []


Overfull \hbox (9.66862pt too wide) in paragraph at lines 44--44
[]|[]| 
 []


Underfull \hbox (badness 10000) in paragraph at lines 44--44
\T2A/faq/m/n/14.4 що
 []


Underfull \hbox (badness 10000) in paragraph at lines 44--44
\T2A/faq/m/n/14.4 вiдповiда№
 []


Overfull \vbox (62.93167pt too high) detected at line 44
 []


Overfull \hbox (2.41347pt too wide) in paragraph at lines 44--45
[]|[]| 
 []


Underfull \hbox (badness 3679) in paragraph at lines 46--46
[]|\T2A/faq/m/n/14.4 2. Кiлькiсть
 []


Underfull \hbox (badness 10000) in paragraph at lines 46--46
\T2A/faq/m/n/14.4 робочих
 []


Overfull \hbox (14.02728pt too wide) in paragraph at lines 40--49
[][] 
 []

[2]
Overfull \hbox (7.24358pt too wide) in paragraph at lines 61--61
[]|\T2A/faq/m/n/14.4 Найменування
 []


Overfull \hbox (6.09239pt too wide) in paragraph at lines 61--61
[]|\T2A/faq/m/n/14.4 Характеристика
 []


Overfull \hbox (8.91235pt too wide) in paragraph at lines 61--61
[]|\T2A/faq/m/n/14.4 Об рунтування
 []


Underfull \hbox (badness 10000) in paragraph at lines 61--61
[]|\T2A/faq/m/n/14.4 Документ,
 []


Underfull \hbox (badness 10000) in paragraph at lines 61--61
\T2A/faq/m/n/14.4 що ре-гла-
 []


Underfull \hbox (badness 2608) in paragraph at lines 63--63
[]\T2A/faq/m/n/14.4 1. Природне
 []


Underfull \hbox (badness 10000) in paragraph at lines 63--63
\T2A/faq/m/n/14.4 освiтлення,
 []


Underfull \hbox (badness 10000) in paragraph at lines 63--63
\T2A/faq/m/n/14.4 вiкна
 []


Underfull \hbox (badness 3525) in paragraph at lines 63--63
\T2A/faq/m/n/14.4 виходять на
 []


Overfull \vbox (61.21088pt too high) detected at line 63
 []


Underfull \hbox (badness 10000) in paragraph at lines 63--63
\T2A/faq/m/n/14.4 сто-рон-н№;
 []


Overfull \vbox (18.73157pt too high) detected at line 63
 []


Underfull \hbox (badness 10000) in paragraph at lines 65--65
[]|\T2A/faq/m/n/14.4 КПО
 []


Underfull \hbox (badness 10000) in paragraph at lines 65--65
[]|\T2A/faq/m/n/14.4 ДСанПiН
 []


Underfull \hbox (badness 10000) in paragraph at lines 65--65
\T2A/faq/m/n/14.4 3.3.2-007-
 []


Underfull \hbox (badness 10000) in paragraph at lines 67--67
[]\T2A/faq/m/n/14.4 2. Штучне
 []


Underfull \hbox (badness 10000) in paragraph at lines 67--67
\T2A/faq/m/n/14.4 освiтлення,
 []


Underfull \hbox (badness 10000) in paragraph at lines 67--67
\T2A/faq/m/n/14.4 кiлькiсть
 []


Underfull \hbox (badness 10000) in paragraph at lines 67--67
\T2A/faq/m/n/14.4 свiтильникiв
 []


Underfull \hbox (badness 7631) in paragraph at lines 67--67
\T2A/faq/m/n/14.4 N; джерела
 []


Overfull \vbox (81.92133pt too high) detected at line 67
 []


Underfull \hbox (badness 10000) in paragraph at lines 67--67
[]\T2A/faq/m/n/14.4 загальне
 []


Underfull \hbox (badness 10000) in paragraph at lines 67--67
\T2A/faq/m/n/14.4 рiв-но-мiр-не;
 []


Underfull \hbox (badness 10000) in paragraph at lines 67--67
\T2A/faq/m/n/14.4 N=10; лю-
 []


Underfull \hbox (badness 10000) in paragraph at lines 67--67
\T2A/faq/m/n/14.4 мi-не-сцен-тнi
 []


Overfull \vbox (59.82127pt too high) detected at line 67
 []


Underfull \hbox (badness 10000) in paragraph at lines 67--67
[]|\T2A/faq/m/n/14.4 ДБН
 []


Underfull \hbox (badness 10000) in paragraph at lines 69--69
[]|\T2A/faq/m/n/14.4 не нижче
 []


Underfull \hbox (badness 10000) in paragraph at lines 69--69
[]|\T2A/faq/m/n/14.4 ДСанПiН
 []


Underfull \hbox (badness 10000) in paragraph at lines 69--69
\T2A/faq/m/n/14.4 3.3.2-007-
 []


Overfull \hbox (14.02728pt too wide) in paragraph at lines 59--72
[][] 
 []


Underfull \hbox (badness 10000) in paragraph at lines 84--84
[]|\T2A/faq/m/n/14.4 Найменування
 []


Underfull \hbox (badness 10000) in paragraph at lines 84--84
[]|\T2A/faq/m/n/14.4 Характеристика
 []


Underfull \hbox (badness 10000) in paragraph at lines 84--84
[]|\T2A/faq/m/n/14.4 Об рунтування
 []


Underfull \hbox (badness 10000) in paragraph at lines 84--85
[]|\T2A/faq/m/n/14.4 Документ, що
 []


Underfull \hbox (badness 10000) in paragraph at lines 86--86
[]|\T2A/faq/m/n/14.4 1. Категорiя
 []


Underfull \hbox (badness 10000) in paragraph at lines 86--86
\T2A/faq/m/n/14.4 примiщення з
 []


Underfull \hbox (badness 10000) in paragraph at lines 86--86
\T2A/faq/m/n/14.4 вибухо^^Uпожеже
 []


Underfull \hbox (badness 10000) in paragraph at lines 86--86
[]|\T2A/faq/m/n/14.4 №
 []


Underfull \hbox (badness 1546) in paragraph at lines 86--86
\T2A/faq/m/n/14.4 твердi спаленнi
 []


Underfull \hbox (badness 10000) in paragraph at lines 86--86
\T2A/faq/m/n/14.4 матерiали:
 []


Underfull \hbox (badness 10000) in paragraph at lines 88--88
[]|\T2A/faq/m/n/14.4 2. Ступiнь
 []


Underfull \hbox (badness 10000) in paragraph at lines 88--88
\T2A/faq/m/n/14.4 вогнестiйкостi
 []


Underfull \hbox (badness 10000) in paragraph at lines 88--88
\T2A/faq/m/n/14.4 будiвельних
 []


Underfull \hbox (badness 10000) in paragraph at lines 88--88
[]|\T2A/faq/m/n/14.4 5-и поверхова
 []


Underfull \hbox (badness 10000) in paragraph at lines 88--88
\T2A/faq/m/n/14.4 будiвля;
 []


Underfull \hbox (badness 10000) in paragraph at lines 88--89
[]|\T2A/faq/m/n/14.4 ДБН
 []

[3]
Overfull \hbox (7.24358pt too wide) in paragraph at lines 103--103
[]|\T2A/faq/m/n/14.4 Найменування
 []


Overfull \hbox (6.09239pt too wide) in paragraph at lines 103--103
[]|\T2A/faq/m/n/14.4 Характеристика
 []


Overfull \hbox (8.91235pt too wide) in paragraph at lines 103--103
[]|\T2A/faq/m/n/14.4 Об рунтування
 []


Underfull \hbox (badness 10000) in paragraph at lines 103--103
[]|\T2A/faq/m/n/14.4 Документ,
 []


Underfull \hbox (badness 10000) in paragraph at lines 103--103
\T2A/faq/m/n/14.4 що ре-гла-
 []


Underfull \hbox (badness 10000) in paragraph at lines 105--105
[]|\T2A/faq/m/n/14.4 1. Ха-ра-
 []


Underfull \hbox (badness 10000) in paragraph at lines 105--105
\T2A/faq/m/n/14.4 кте-ри-сти-ка
 []


Underfull \hbox (badness 10000) in paragraph at lines 105--105
\T2A/faq/m/n/14.4 три-фа-зноЁ
 []


Underfull \hbox (badness 10000) in paragraph at lines 105--105
\T2A/faq/m/n/14.4 еле-ктри-чноЁ
 []


Underfull \hbox (badness 10000) in paragraph at lines 105--105
[]|\T2A/faq/m/n/14.4 чотири
 []


Underfull \hbox (badness 10000) in paragraph at lines 105--105
\T2A/faq/m/n/14.4 провiдна з
 []


Underfull \hbox (badness 10000) in paragraph at lines 105--105
\T2A/faq/m/n/14.4 глухо
 []


Underfull \hbox (badness 10000) in paragraph at lines 105--105
\T2A/faq/m/n/14.4 заземленою
 []


Underfull \hbox (badness 10000) in paragraph at lines 105--105
\T2A/faq/m/n/14.4 нейтраллю
 []


Underfull \hbox (badness 10000) in paragraph at lines 105--105
\T2A/faq/m/n/14.4 напругою
 []


Underfull \hbox (badness 10000) in paragraph at lines 105--105
\T2A/faq/m/n/14.4 380/220
 []


Underfull \hbox (badness 10000) in paragraph at lines 105--105
[]|\T2A/faq/m/n/14.4 довгi
 []


Underfull \hbox (badness 10000) in paragraph at lines 105--105
\T2A/faq/m/n/14.4 кабельнi
 []


Underfull \hbox (badness 10000) in paragraph at lines 105--105
\T2A/faq/m/n/14.4 мережi
 []


Underfull \hbox (badness 10000) in paragraph at lines 105--105
\T2A/faq/m/n/14.4 великоЁ
 []


Underfull \hbox (badness 10000) in paragraph at lines 107--107
\T2A/faq/m/n/14.4 мi-ще-н-ня за
 []


Underfull \hbox (badness 10000) in paragraph at lines 107--107
\T2A/faq/m/n/14.4 сту-пе-нем
 []


Underfull \hbox (badness 10000) in paragraph at lines 107--107
\T2A/faq/m/n/14.4 не-без-пе-ки
 []


Underfull \hbox (badness 10000) in paragraph at lines 107--107
\T2A/faq/m/n/14.4 ура-же-н-ня
 []


Underfull \hbox (badness 10000) in paragraph at lines 107--107
\T2A/faq/m/n/14.4 еле-ктро-стру-
 []


Underfull \hbox (badness 1648) in paragraph at lines 107--107
[]|\T2A/faq/m/n/14.4 з пiдвищеною
 []


Underfull \hbox (badness 10000) in paragraph at lines 107--107
\T2A/faq/m/n/14.4 одно-ча-сно-
 []


Underfull \hbox (badness 10000) in paragraph at lines 107--107
\T2A/faq/m/n/14.4 го до-ти-ку
 []


Underfull \hbox (badness 10000) in paragraph at lines 107--107
\T2A/faq/m/n/14.4 до ме-та-ло-
 []


Underfull \hbox (badness 10000) in paragraph at lines 107--107
\T2A/faq/m/n/14.4 кон-стру-кцiй
 []


Underfull \hbox (badness 10000) in paragraph at lines 107--107
\T2A/faq/m/n/14.4 бу-дiв-лi, що
 []


Underfull \hbox (badness 1742) in paragraph at lines 107--107
\T2A/faq/m/n/14.4 вих кор-пу-сiв
 []


Underfull \hbox (badness 10000) in paragraph at lines 107--108
[]|\T2A/faq/m/n/14.4 необхiдно
 []


Underfull \hbox (badness 10000) in paragraph at lines 107--108
\T2A/faq/m/n/14.4 передбачити
 []


Underfull \hbox (badness 10000) in paragraph at lines 107--108
\T2A/faq/m/n/14.4 заходи
 []


Underfull \hbox (badness 10000) in paragraph at lines 107--108
\T2A/faq/m/n/14.4 безпеки
 []


Overfull \hbox (14.02728pt too wide) in paragraph at lines 101--110
[][] 
 []

[4]
Underfull \hbox (badness 10000) in paragraph at lines 131--131
[]|\T2A/faq/m/n/14.4 Назва
 []


Underfull \hbox (badness 10000) in paragraph at lines 131--131
[]|\T2A/faq/m/n/14.4 Джерела
 []


Underfull \hbox (badness 10000) in paragraph at lines 131--131
[]|\T2A/faq/m/n/14.4 Нормативнi
 []


Underfull \hbox (badness 10000) in paragraph at lines 131--131
\T2A/faq/m/n/14.4 параметри,
 []


Underfull \hbox (badness 10000) in paragraph at lines 131--132
[]|\T2A/faq/m/n/14.4 Документ,
 []


Underfull \hbox (badness 10000) in paragraph at lines 131--132
\T2A/faq/m/n/14.4 що
 []


Underfull \hbox (badness 10000) in paragraph at lines 131--132
\T2A/faq/m/n/14.4 регламенту№
 []


Underfull \hbox (badness 10000) in paragraph at lines 133--133
[]|\T2A/faq/m/n/14.4 Висока
 []


Underfull \hbox (badness 10000) in paragraph at lines 133--133
\T2A/faq/m/n/14.4 електрична
 []


Underfull \hbox (badness 10000) in paragraph at lines 133--133
[]|\T2A/faq/m/n/14.4 мережа
 []


Underfull \hbox (badness 10000) in paragraph at lines 133--133
\T2A/faq/m/n/14.4 живлення
 []


Underfull \hbox (badness 10000) in paragraph at lines 133--133
[]|\T2A/faq/m/n/14.4 нормальний
 []


Underfull \hbox (badness 10000) in paragraph at lines 133--133
\T2A/faq/m/n/14.4 режим
 []


LaTeX Warning: Command \CYRII invalid in math mode on input line 133.


Underfull \hbox (badness 10000) in paragraph at lines 133--133
\OT1/cmr/m/n/14.4 0\OML/cmm/m/it/14.4 ; \OT1/cmr/m/n/14.4 3$
 []


Underfull \hbox (badness 10000) in paragraph at lines 133--134
[]|\T2A/faq/m/n/14.4 ДСТУ
 []


Underfull \hbox (badness 10000) in paragraph at lines 133--134
\T2A/faq/m/n/14.4 ГОСТ
 []


Overfull \hbox (14.0199pt too wide) in paragraph at lines 129--136
[][] 
 []


Underfull \hbox (badness 2057) in paragraph at lines 138--139
[]\T2A/faq/m/n/14.4 Таблиця 1.6[] показу№ типовий перелiк потенцiйних шкiдливих

 []

[5]
Underfull \hbox (badness 10000) in paragraph at lines 148--148
[]|\T2A/faq/m/n/14.4 Назва
 []


Underfull \hbox (badness 10000) in paragraph at lines 148--148
[]|\T2A/faq/m/n/14.4 Джерела
 []


Underfull \hbox (badness 10000) in paragraph at lines 148--148
[]|\T2A/faq/m/n/14.4 Нормативнi
 []


Underfull \hbox (badness 10000) in paragraph at lines 148--148
\T2A/faq/m/n/14.4 параметри,
 []


Underfull \hbox (badness 10000) in paragraph at lines 148--149
[]|\T2A/faq/m/n/14.4 Документ,
 []


Underfull \hbox (badness 10000) in paragraph at lines 148--149
\T2A/faq/m/n/14.4 що
 []


Underfull \hbox (badness 10000) in paragraph at lines 148--149
\T2A/faq/m/n/14.4 регламенту№
 []


Overfull \hbox (2.69318pt too wide) in paragraph at lines 150--150
[]|\T2A/faq/m/n/14.4 Несприятливе
 []


Underfull \hbox (badness 10000) in paragraph at lines 150--150
[]|\T2A/faq/m/n/14.4 стан систем
 []


Underfull \hbox (badness 10000) in paragraph at lines 150--150
\T2A/faq/m/n/14.4 штучного
 []


Underfull \hbox (badness 10000) in paragraph at lines 150--150
[]|\T2A/faq/m/n/14.4 МРОР
 []


Underfull \hbox (badness 10000) in paragraph at lines 150--150
\T2A/faq/m/n/14.4 0,3^^U0,5
 []


Underfull \hbox (badness 2126) in paragraph at lines 150--150
\T2A/faq/m/n/14.4 ѕвї, фон та
 []


Underfull \hbox (badness 10000) in paragraph at lines 150--150
\T2A/faq/m/n/14.4 контраст
 []


LaTeX Warning: Command \cyrn invalid in math mode on input line 150.

Missing character: There is no н in font cmr10!

Underfull \hbox (badness 10000) in paragraph at lines 150--150
\OT1/cmr/m/n/14.4 1\OML/cmm/m/it/14.4 ; \OT1/cmr/m/n/14.4 2 %$\T2A/faq/m/n/14.4
 ;
 []


Underfull \hbox (badness 10000) in paragraph at lines 150--150
\T2A/faq/m/n/14.4 Освiтленiсть
 []


Underfull \hbox (badness 10000) in paragraph at lines 150--151
[]|\T2A/faq/m/n/14.4 ДБН
 []


Overfull \hbox (3.46835pt too wide) in paragraph at lines 150--151
\T2A/faq/m/n/14.4 В.2.5.^^U28^^U18| 
 []


Underfull \hbox (badness 10000) in paragraph at lines 152--152
\T2A/faq/m/n/14.4 вий
 []


Underfull \hbox (badness 10000) in paragraph at lines 152--152
\T2A/faq/m/n/14.4 мiкроклiмат:
 []


Underfull \hbox (badness 10000) in paragraph at lines 152--152
[]|\T2A/faq/m/n/14.4 стан систем
 []


Underfull \hbox (badness 10000) in paragraph at lines 152--152
\T2A/faq/m/n/14.4 опалення та
 []


Underfull \hbox (badness 10000) in paragraph at lines 152--152
[]|\T2A/faq/m/n/14.4 категорiя
 []


Underfull \hbox (badness 10000) in paragraph at lines 152--152
\T2A/faq/m/n/14.4 важкостi
 []


Underfull \hbox (badness 10000) in paragraph at lines 152--152
\T2A/faq/m/n/14.4 робiт
 []


Underfull \hbox (badness 2443) in paragraph at lines 152--152
\T2A/faq/m/n/14.4 Iа; холодний
 []


LaTeX Warning: Command \textendash invalid in math mode on input line 152.


Underfull \hbox (badness 3128) in paragraph at lines 152--152
\OML/cmm/m/it/14.4 ^^^$ $\OMS/cmsy/m/n/14.4 ^^@$ $\OT1/cmr/m/n/14.4 40 \OMS/cms
y/m/n/14.4 ^^@
 []


Underfull \hbox (badness 7888) in paragraph at lines 152--152
\T2A/faq/m/n/14.4 бiльше $\OT1/cmr/m/n/14.4 0\OML/cmm/m/it/14.4 ; \OT1/cmr/m/n/
14.4 1$
 []


Underfull \hbox (badness 10000) in paragraph at lines 152--153
[]|\T2A/faq/m/n/14.4 ДСН
 []


Underfull \hbox (badness 10000) in paragraph at lines 154--154
[]|\T2A/faq/m/n/14.4 Пiдвищений
 []


Underfull \hbox (badness 10000) in paragraph at lines 154--154
[]|\T2A/faq/m/n/14.4 кондицiонери,
 []


Underfull \hbox (badness 10000) in paragraph at lines 154--154
\T2A/faq/m/n/14.4 кулери,
 []


Underfull \hbox (badness 10000) in paragraph at lines 154--154
\T2A/faq/m/n/14.4 системи
 []


Underfull \hbox (badness 10000) in paragraph at lines 154--155
[]|\T2A/faq/m/n/14.4 ДСН
 []


Underfull \hbox (badness 10000) in paragraph at lines 156--156
[]|\T2A/faq/m/n/14.4 загальна
 []


Underfull \hbox (badness 10000) in paragraph at lines 156--156
\T2A/faq/m/n/14.4 технологiчна,
 []


Underfull \hbox (badness 10000) in paragraph at lines 156--156
\T2A/faq/m/n/14.4 категорiя
 []


Underfull \hbox (badness 4096) in paragraph at lines 156--156
\T2A/faq/m/n/14.4 3, тип ѕвї,
 []


Underfull \hbox (badness 10000) in paragraph at lines 156--156
\T2A/faq/m/n/14.4 умови
 []


Underfull \hbox (badness 10000) in paragraph at lines 156--156
\T2A/faq/m/n/14.4 швид-ко-стi
 []


Underfull \hbox (badness 10000) in paragraph at lines 156--157
[]|\T2A/faq/m/n/14.4 ДСТУ
 []


Underfull \hbox (badness 10000) in paragraph at lines 156--157
\T2A/faq/m/n/14.4 ГОСТ
 []


Underfull \hbox (badness 10000) in paragraph at lines 156--157
\T2A/faq/m/n/14.4 12.1.012:08
 []


Underfull \hbox (badness 10000) in paragraph at lines 156--157
\T2A/faq/m/n/14.4 ДСН
 []


Underfull \hbox (badness 10000) in paragraph at lines 158--158
\T2A/faq/m/n/14.4 логiчна
 []


Underfull \hbox (badness 10000) in paragraph at lines 158--158
[]\T2A/faq/m/n/14.4 монотоннiсть
 []


Underfull \hbox (badness 10000) in paragraph at lines 158--158
\T2A/faq/m/n/14.4 чнiсть
 []


Underfull \hbox (badness 7522) in paragraph at lines 158--158
\T2A/faq/m/n/14.4 i незручнiсть
 []


Underfull \hbox (badness 6510) in paragraph at lines 158--158
\T2A/faq/m/n/14.4 умов пра-цi
 []


Underfull \hbox (badness 7433) in paragraph at lines 158--158
\T2A/faq/m/n/14.4 для на-пру-
 []


Underfull \hbox (badness 10000) in paragraph at lines 158--158
[]\T2A/faq/m/n/14.4 ГН
 []


Overfull \hbox (5.87314pt too wide) in paragraph at lines 158--158
\T2A/faq/m/n/14.4 3.3.5^^U8.6.6.1-
 []


Underfull \hbox (badness 10000) in paragraph at lines 158--158

 []


Overfull \hbox (14.0199pt too wide) in paragraph at lines 146--161
[][] 
 []

[6]
Underfull \hbox (badness 4846) in paragraph at lines 165--165
| \T2A/faq/bx/n/14.4 1.2Захист вiд шкiдливого впливу факторiв виробничого
 []


Underfull \hbox (badness 4378) in paragraph at lines 167--168
\T2A/faq/m/n/14.4 здiйсню№ться вiдповiдно вимог ДБН В.2.5-67:2013 за допомогою
 []


Underfull \hbox (badness 3547) in paragraph at lines 167--168
\T2A/faq/m/n/14.4 природнього провiтрювання примiщення. У холодний перiод року
 []


Underfull \hbox (badness 3815) in paragraph at lines 178--179
[]\T2A/faq/m/n/14.4 Визначений в таблицi 1.6[] коефiцi№нт природного освiтлення

 []


Underfull \hbox (badness 1478) in paragraph at lines 180--181
\T2A/faq/m/n/14.4 як джерела свiтла мають застосовуватись переважно люмiнiсцент
нi
 []


Underfull \hbox (badness 5331) in paragraph at lines 182--183
[]\T2A/faq/m/n/14.4 Система загального освiтлення ма№ становити суцiльнi або
 []


Underfull \hbox (badness 2556) in paragraph at lines 182--183
\T2A/faq/m/n/14.4 обмеження прямоЁ блискостi вiд джерел природного та штучного
 []

[7]
Underfull \hbox (badness 1655) in paragraph at lines 184--185
\T2A/faq/m/n/14.4 слiд застосовувати засоби звукопоглинання, наприклад, перфоро
ванi
 []


Underfull \hbox (badness 3354) in paragraph at lines 192--193
[]\T2A/faq/m/n/14.4 У разi випадкового дотику до струмопровiдних частин, що
 []


Underfull \hbox (badness 1616) in paragraph at lines 192--193
\T2A/faq/m/n/14.4 електроустаткування, наприклад, при пошкодженнi iзоляцiЁ можл
ивi
 []


Underfull \hbox (badness 10000) in paragraph at lines 196--197
[]\T2A/faq/m/n/14.4 Для примiщень з пiдвищеною небезпекою
 []

[8]
Underfull \hbox (badness 2020) in paragraph at lines 206--207
\T2A/faq/m/n/14.4 разiв ($[]$) перевищить номiнальний струм апарату захисту ($[
][]$),
 []


Underfull \hbox (badness 1629) in paragraph at lines 206--207
\T2A/faq/m/n/14.4 що забезпечить селективне вiдключення споживача, тобто повинн
а
 []

[9]

LaTeX Warning: Command \CYRII invalid in math mode on input line 230.


LaTeX Warning: Command \CYRR invalid in math mode on input line 230.

Missing character: There is no Р in font cmr12!

LaTeX Warning: Command \CYRII invalid in math mode on input line 238.


LaTeX Warning: Command \CYRR invalid in math mode on input line 238.

Missing character: There is no Р in font cmr12!

LaTeX Warning: Command \CYRII invalid in math mode on input line 241.


Underfull \hbox (badness 10000) in paragraph at lines 244--249

 []


LaTeX Warning: Command \CYRII invalid in math mode on input line 255.

[10]
Underfull \hbox (badness 10000) in paragraph at lines 281--282
[]\T2A/faq/m/n/14.4 Величина $\OML/cmm/m/it/14.4 Z[]$ \T2A/faq/m/n/14.4 залежит
ь вiд потужностi
 []


Underfull \hbox (badness 1917) in paragraph at lines 291--292
[]\T2A/faq/m/n/14.4 Отже, $\OML/cmm/m/it/14.4 Z[] \OT1/cmr/m/n/14.4 = 3\OML/cmm
/m/it/14.4 ; \OT1/cmr/m/n/14.4 110 []$\T2A/faq/m/n/14.4 , так як ми обира№мо тр
ансформатор
 []

[11]
Underfull \hbox (badness 2326) in paragraph at lines 312--314
\T2A/faq/m/n/14.4 де $\OML/cmm/m/it/14.4 X[];  X[]$ $\OMS/cmsy/m/n/14.4 ^^@$ \T
2A/faq/m/n/14.4 внутрiшнi iндуктивнi опори фазового i нульового
 []


LaTeX Warning: Command \CYRH invalid in math mode on input line 317.

Missing character: There is no Х in font cmr12!

LaTeX Warning: Command \CYRH invalid in math mode on input line 317.

Missing character: There is no Х in font cmr12!

LaTeX Warning: Command \CYRH invalid in math mode on input line 319.

Missing character: There is no Х in font cmr12!
[12]

LaTeX Warning: Command \CYRII invalid in math mode on input line 376.


Underfull \hbox (badness 3942) in paragraph at lines 392--393
[]\T2A/faq/m/n/14.4 Площа перерiзу нульового робочого та нульового захисного
 []

[13]
Underfull \hbox (badness 2401) in paragraph at lines 408--408
| \T2A/faq/bx/n/14.4 1.4Перевiрка виконання умов надiйностi та ефективностi
 []


Underfull \hbox (badness 1748) in paragraph at lines 440--441
[]\T2A/faq/m/n/14.4 В нашому випадку $\OML/cmm/m/it/14.4 U[] \OT1/cmr/m/n/14.4 
= 0\OML/cmm/m/it/14.4 ; \OT1/cmr/m/n/14.4 39\OML/cmm/m/it/14.4 ;  U[] \OT1/cmr/
m/n/14.4 = 4\OML/cmm/m/it/14.4 ; \OT1/cmr/m/n/14.4 90\OML/cmm/m/it/14.4 :$ \T2A
/faq/m/n/14.4 Обидвi умови
 []


Underfull \hbox (badness 3219) in paragraph at lines 442--443
[]\T2A/faq/m/n/14.4 В результатi розрахунку у якостi запобiжника було обрано
 []

[14]
Underfull \hbox (badness 1102) in paragraph at lines 446--447
\T2A/faq/m/n/14.4 обладнання, пошкодження iзоляцiЁ, коротке замикання кола стру
му,
 []


Underfull \hbox (badness 1648) in paragraph at lines 456--457
[]\T2A/faq/m/n/14.4 Система запобiгання пожеж передбача№ запобiгання утворенню
 []


Underfull \hbox (badness 10000) in paragraph at lines 467--468
\T2A/faq/m/n/14.4 гасiння пожежi. При виборi
 []

[15]
Underfull \hbox (badness 1708) in paragraph at lines 475--476
[]\T2A/faq/m/n/14.4 Як зазначено у Законi УкраЁни ѕПро охорону навколишнього
 []


Underfull \hbox (badness 2980) in paragraph at lines 475--476
\T2A/faq/m/n/14.4 середовище господарськоЁ й iншоЁ дiяльностi людини, збереженн
я
 []

[16]
Underfull \hbox (badness 7468) in paragraph at lines 481--482
[]\T2A/faq/m/n/14.4 У стандартi ТСО-99 закладене обмеження за кадмi№м у
 []


Underfull \hbox (badness 5802) in paragraph at lines 481--482
\T2A/faq/m/n/14.4 якi визивають алергiчну реакцiю. ГДК пилу дорiвню№ $\OT1/cmr/
m/n/14.4 0\OML/cmm/m/it/14.4 ; \OT1/cmr/m/n/14.4 15 []$\T2A/faq/m/n/14.4 ,
 []


Underfull \hbox (badness 1436) in paragraph at lines 483--484
[]\T2A/faq/m/n/14.4 Дотримання приведених нормативних параметрiв небезпечних i
 []

) [17] 
AED: lastpage setting LastPage
(./Example.aux) ) 
Here is how much of TeX's memory you used:
 9652 strings out of 493029
 141568 string characters out of 6136234
 289250 words of memory out of 5000000
 12935 multiletter control sequences out of 15000+600000
 15473 words of font info for 32 fonts, out of 8000000 for 9000
 1141 hyphenation exceptions out of 8191
 47i,17n,50p,1592b,383s stack positions out of 5000i,500n,10000p,200000b,80000s
{/usr/share/texmf/fonts/enc/dvips/pscyr/t2a.enc}</usr/share/te
xmf/fonts/type1/public/pscyr/antiq6.pfb></usr/share/texmf/fonts/type1/public/ps
cyr/antiq7.pfb></usr/share/texlive/texmf-dist/fonts/type1/public/amsfonts/cm/cm
ex10.pfb></usr/share/texlive/texmf-dist/fonts/type1/public/amsfonts/cm/cmmi10.p
fb></usr/share/texlive/texmf-dist/fonts/type1/public/amsfonts/cm/cmmi12.pfb></u
sr/share/texlive/texmf-dist/fonts/type1/public/amsfonts/cm/cmr10.pfb></usr/shar
e/texlive/texmf-dist/fonts/type1/public/amsfonts/cm/cmr12.pfb></usr/share/texli
ve/texmf-dist/fonts/type1/public/amsfonts/cm/cmr7.pfb></usr/share/texlive/texmf
-dist/fonts/type1/public/amsfonts/cm/cmsy10.pfb></usr/share/texlive/texmf-dist/
fonts/type1/public/amsfonts/cm/cmsy7.pfb>
Output written on Example.pdf (17 pages, 144676 bytes).
PDF statistics:
 105 PDF objects out of 1000 (max. 8388607)
 70 compressed objects within 1 object stream
 0 named destinations out of 1000 (max. 500000)
 21 words of extra memory for PDF output out of 10000 (max. 10000000)

